START|C:\gpc - Copy\Oasis\Part Programs\PPTP JOBS\M8308 Rev 16.txt
DATA|OAL|0.8070|0.8075|0.8158|0.8165|0.8170|PASS
DATA|hex lgh|0.4900|0.4910|0.5067|0.5090|0.5100|PASS
DATA|chm lgh|0.0200|0.0210|0.0277|0.0390|0.0400|PASS
DATA|front|1.0300|1.0308|1.0401|1.0442|1.0450|PASS
DATA|back|1.0300|1.0308|1.0397|1.0442|1.0450|PASS
END|May 28 2020|12:59:28 PM

START|C:\gpc - Copy\Oasis\Part Programs\PPTP JOBS\M8308 Rev 16.txt
DATA|OAL|0.8070|0.8075|0.8161|0.8165|0.8170|PASS
DATA|hex lgh|0.4900|0.4910|0.5067|0.5090|0.5100|PASS
DATA|chm lgh|0.0200|0.0210|0.0281|0.0390|0.0400|PASS
DATA|front|1.0300|1.0308|1.0393|1.0442|1.0450|PASS
DATA|back|1.0300|1.0308|1.0382|1.0442|1.0450|PASS
END|May 28 2020|12:59:38 PM

START|C:\gpc - Copy\Oasis\Part Programs\PPTP JOBS\M8308 Rev 16.txt
DATA|OAL|0.8070|0.8075|0.8150|0.8165|0.8170|PASS
DATA|hex lgh|0.4900|0.4910|0.5068|0.5090|0.5100|PASS
DATA|chm lgh|0.0200|0.0210|0.0287|0.0390|0.0400|PASS
DATA|front|1.0300|1.0308|1.0387|1.0442|1.0450|PASS
DATA|back|1.0300|1.0308|1.0375|1.0442|1.0450|PASS
END|May 28 2020|12:59:47 PM

START|C:\gpc - Copy\Oasis\Part Programs\PPTP JOBS\M8308 Rev 16.txt
DATA|OAL|0.8070|0.8075|0.8154|0.8165|0.8170|PASS
DATA|hex lgh|0.4900|0.4910|0.5070|0.5090|0.5100|PASS
DATA|chm lgh|0.0200|0.0210|0.0289|0.0390|0.0400|PASS
DATA|front|1.0300|1.0308|1.0399|1.0442|1.0450|PASS
DATA|back|1.0300|1.0308|1.0387|1.0442|1.0450|PASS
END|May 28 2020|12:59:55 PM

START|C:\gpc - Copy\Oasis\Part Programs\PPTP JOBS\M8308 Rev 16.txt
DATA|OAL|0.8070|0.8075|0.8152|0.8165|0.8170|PASS
DATA|hex lgh|0.4900|0.4910|0.5064|0.5090|0.5100|PASS
DATA|chm lgh|0.0200|0.0210|0.0271|0.0390|0.0400|PASS
DATA|front|1.0300|1.0308|1.0400|1.0442|1.0450|PASS
DATA|back|1.0300|1.0308|1.0395|1.0442|1.0450|PASS
END|May 28 2020|01:00:05 PM

START|C:\gpc - Copy\Oasis\Part Programs\PPTP JOBS\M8308 Rev 16.txt
DATA|OAL|0.8070|0.8075|0.8151|0.8165|0.8170|PASS
DATA|hex lgh|0.4900|0.4910|0.5064|0.5090|0.5100|PASS
DATA|chm lgh|0.0200|0.0210|0.0288|0.0390|0.0400|PASS
DATA|front|1.0300|1.0308|1.0404|1.0442|1.0450|PASS
DATA|back|1.0300|1.0308|1.0401|1.0442|1.0450|PASS
END|May 28 2020|01:00:14 PM

UserField1|Insp. Type:
UserField2|Inspector:
UserField3|Comments:
UserField4|Parts Made:
UserField5|Sample Size:
UserField6|Machine Number:
UserField7|Date:
UserField8|Part Number:
UserField9|Efficiency:

UserData1|SPINLE 3
UserData2|106
UserData3|
UserData4|
UserData5|6
UserData6|KEY MACHINE
UserData7|05/28/2020
UserData8|M8308 Rev 16
UserData9|
