1111111106-07-2020 11:29:38 pm localhost/pptp/api/jobData/?pending=true&active=true&complete=false&closed=false
06-07-2020 11:29:45 pm localhost/pptp/api/jobData/?pending=false&active=true&complete=false&closed=false
06-07-2020 11:29:45 pm localhost/pptp/api/setSession/?key=jobs.filter.pending&value=false
06-07-2020 11:29:48 pm localhost/pptp/api/jobData/?pending=true&active=true&complete=false&closed=false
06-07-2020 11:29:48 pm localhost/pptp/api/setSession/?key=jobs.filter.pending&value=true
06-07-2020 11:29:50 pm localhost/pptp/api/jobData/?pending=true&active=false&complete=false&closed=false
06-07-2020 11:29:50 pm localhost/pptp/api/setSession/?key=jobs.filter.active&value=false
06-07-2020 11:29:53 pm localhost/pptp/api/jobData/?pending=true&active=true&complete=false&closed=false
06-07-2020 11:29:53 pm localhost/pptp/api/setSession/?key=jobs.filter.active&value=true
06-07-2020 11:29:58 pm localhost/pptp/api/jobData/?pending=true&active=true&complete=false&closed=false
06-07-2020 11:30:02 pm localhost/pptp/api/jobData/?pending=true&active=false&complete=false&closed=false
06-07-2020 11:30:02 pm localhost/pptp/api/setSession/?key=jobs.filter.active&value=false
06-07-2020 11:30:07 pm localhost/pptp/api/jobData/?pending=true&active=true&complete=false&closed=false
06-07-2020 11:31:06 pm localhost/pptp/api/jobData/?pending=true&active=true&complete=false&closed=false
06-07-2020 11:32:06 pm localhost/pptp/api/ping/
06-07-2020 11:33:06 pm localhost/pptp/api/ping/
06-07-2020 11:34:06 pm localhost/pptp/api/ping/
06-07-2020 11:35:06 pm localhost/pptp/api/ping/
06-07-2020 11:36:06 pm localhost/pptp/api/ping/
06-07-2020 11:37:06 pm localhost/pptp/api/ping/
06-07-2020 11:38:06 pm localhost/pptp/api/ping/
06-07-2020 11:39:06 pm localhost/pptp/api/ping/
06-07-2020 11:40:06 pm localhost/pptp/api/ping/
06-07-2020 11:41:06 pm localhost/pptp/api/ping/
06-07-2020 11:42:06 pm localhost/pptp/api/ping/
06-07-2020 11:42:18 pm localhost/pptp/api/jobData/?pending=false&active=false&complete=false&closed=false
06-07-2020 11:42:22 pm localhost/pptp/api/jobData/?pending=true&active=false&complete=false&closed=false
06-07-2020 11:42:22 pm localhost/pptp/api/setSession/?key=jobs.filter.pending&value=true
06-07-2020 11:42:27 pm localhost/pptp/api/jobData/?pending=false&active=false&complete=false&closed=false
06-07-2020 11:42:37 pm localhost/pptp/api/jobData/?pending=true&active=true&complete=false&closed=false
06-07-2020 11:42:37 pm localhost/pptp/api/setSession/?key=jobs.filter.active&value=true
06-07-2020 11:42:51 pm localhost/pptp/api/jobData/?pending=false&active=false&complete=false&closed=false
06-07-2020 11:43:51 pm localhost/pptp/api/ping/
06-07-2020 11:44:51 pm localhost/pptp/api/ping/
06-07-2020 11:44:57 pm localhost/pptp/api/jobData/?pending=false&active=false&complete=false&closed=false
06-07-2020 11:45:14 pm localhost/pptp/api/jobData/?pending=false&active=false&complete=false&closed=false
06-07-2020 11:45:41 pm localhost/pptp/api/jobData/?pending=true&active=false&complete=false&closed=false
06-07-2020 11:45:41 pm localhost/pptp/api/setSession/?key=jobs.filter.pending&value=true
06-07-2020 11:45:45 pm localhost/pptp/api/jobData/?pending=false&active=false&complete=false&closed=false
06-07-2020 11:46:44 pm localhost/pptp/api/ping/
06-07-2020 11:47:26 pm localhost/pptp/api/jobData/?pending=false&active=false&complete=false&closed=false
06-07-2020 11:48:26 pm localhost/pptp/api/ping/
06-07-2020 11:48:59 pm localhost/pptp/api/jobData/?pending=false&active=false&complete=false&closed=false
06-07-2020 11:49:06 pm localhost/pptp/api/jobData/?pending=true&active=false&complete=false&closed=false
06-07-2020 11:49:06 pm localhost/pptp/api/setSession/?key=jobs.filter.pending&value=true
06-07-2020 11:49:09 pm localhost/pptp/api/jobData/?pending=false&active=false&complete=false&closed=false
06-07-2020 11:49:16 pm localhost/pptp/api/jobData/?pending=false&active=false&complete=false&closed=false
06-07-2020 11:49:16 pm localhost/pptp/api/setSession/?key=jobs.filter.pending&value=false
06-07-2020 11:49:17 pm localhost/pptp/api/jobData/?pending=true&active=false&complete=false&closed=false
06-07-2020 11:49:17 pm localhost/pptp/api/setSession/?key=jobs.filter.pending&value=true
06-07-2020 11:49:24 pm localhost/pptp/api/jobData/?pending=false&active=false&complete=false&closed=false
06-07-2020 11:50:02 pm localhost/pptp/api/jobData/?pending=false&active=false&complete=false&closed=false
06-07-2020 11:50:15 pm localhost/pptp/api/jobData/?pending=true&active=false&complete=false&closed=false
06-07-2020 11:50:15 pm localhost/pptp/api/setSession/?key=jobs.filter.pending&value=true
06-07-2020 11:50:19 pm localhost/pptp/api/jobData/?pending=false&active=false&complete=false&closed=false
06-07-2020 11:51:19 pm localhost/pptp/api/ping/
06-07-2020 11:52:06 pm localhost/pptp/api/jobData/?pending=false&active=false&complete=false&closed=false
06-07-2020 11:52:08 pm localhost/pptp/api/jobData/?pending=true&active=false&complete=false&closed=false
06-07-2020 11:52:08 pm localhost/pptp/api/setSession/?key=jobs.filter.pending&value=true
06-07-2020 11:52:47 pm localhost/pptp/api/setSession/?key=jobs.filter.active&value=true
06-07-2020 11:52:47 pm localhost/pptp/api/jobData/?pending=true&active=true&complete=false&closed=false
06-07-2020 11:52:52 pm localhost/pptp/api/jobData/?pending=true&active=true&complete=false&closed=false
06-07-2020 11:52:58 pm localhost/pptp/api/jobData/?pending=true&active=false&complete=false&closed=false
06-07-2020 11:52:58 pm localhost/pptp/api/setSession/?key=jobs.filter.active&value=false
06-07-2020 11:53:01 pm localhost/pptp/api/jobData/?pending=true&active=true&complete=false&closed=false
06-07-2020 11:53:17 pm localhost/pptp/api/jobData/?pending=true&active=false&complete=true&closed=false
06-07-2020 11:53:17 pm localhost/pptp/api/setSession/?key=jobs.filter.complete&value=true
06-07-2020 11:53:21 pm localhost/pptp/api/jobData/?pending=true&active=true&complete=true&closed=false
06-07-2020 11:54:22 pm localhost/pptp/api/jobData/?pending=true&active=true&complete=true&closed=false
06-07-2020 11:54:25 pm localhost/pptp/api/jobData/?pending=true&active=false&complete=true&closed=true
06-07-2020 11:54:25 pm localhost/pptp/api/setSession/?key=jobs.filter.closed&value=true
06-07-2020 11:54:29 pm localhost/pptp/api/jobData/?pending=true&active=true&complete=true&closed=true
06-07-2020 11:54:32 pm localhost/pptp/api/jobData/?pending=true&active=false&complete=true&closed=false
06-07-2020 11:54:32 pm localhost/pptp/api/setSession/?key=jobs.filter.closed&value=false
06-07-2020 11:54:33 pm localhost/pptp/api/jobData/?pending=true&active=false&complete=false&closed=false
06-07-2020 11:54:33 pm localhost/pptp/api/setSession/?key=jobs.filter.complete&value=false
06-07-2020 11:54:38 pm localhost/pptp/api/jobData/?pending=true&active=true&complete=true&closed=true
06-07-2020 11:55:38 pm localhost/pptp/api/ping/
06-07-2020 11:56:38 pm localhost/pptp/api/ping/
06-07-2020 11:57:38 pm localhost/pptp/api/ping/
06-07-2020 11:57:48 pm localhost/pptp/api/jobData/?pending=true&active=true&complete=true&closed=true
06-07-2020 11:58:48 pm localhost/pptp/api/ping/
06-07-2020 11:59:03 pm localhost/pptp/api/jobData/?pending=true&active=true&complete=true&closed=true
06-07-2020 11:59:15 pm localhost/pptp/api/jobData/?pending=false&active=true&complete=true&closed=true
06-07-2020 11:59:15 pm localhost/pptp/api/setSession/?key=jobs.filter.pending&value=false
06-07-2020 11:59:18 pm localhost/pptp/api/jobData/?pending=true&active=true&complete=true&closed=true
07-07-2020 12:00:19 am localhost/pptp/api/ping/
07-07-2020 12:01:18 am localhost/pptp/api/jobData/?pending=false&active=true&complete=true&closed=true
07-07-2020 12:01:18 am localhost/pptp/api/setSession/?key=jobs.filter.pending&value=false
07-07-2020 12:01:20 am localhost/pptp/api/ping/
07-07-2020 12:02:18 am localhost/pptp/api/ping/
07-07-2020 12:03:18 am localhost/pptp/api/ping/
07-07-2020 12:04:18 am localhost/pptp/api/ping/
07-07-2020 12:05:07 am localhost/pptp/api/jobData/?pending=false&active=true&complete=true&closed=false
07-07-2020 12:05:07 am localhost/pptp/api/setSession/?key=jobs.filter.closed&value=false
07-07-2020 12:05:18 am localhost/pptp/api/ping/
07-07-2020 12:05:44 am localhost/pptp/api/jobData/?pending=false&active=true&complete=false&closed=false
07-07-2020 12:05:44 am localhost/pptp/api/setSession/?key=jobs.filter.complete&value=false
07-07-2020 12:05:45 am localhost/pptp/api/jobData/?pending=false&active=false&complete=false&closed=false
07-07-2020 12:05:45 am localhost/pptp/api/setSession/?key=jobs.filter.active&value=false
07-07-2020 12:06:18 am localhost/pptp/api/ping/
07-07-2020 12:07:18 am localhost/pptp/api/ping/
07-07-2020 12:08:18 am localhost/pptp/api/ping/
07-07-2020 12:09:18 am localhost/pptp/api/ping/
07-07-2020 12:10:18 am localhost/pptp/api/ping/
07-07-2020 12:11:18 am localhost/pptp/api/ping/
07-07-2020 12:12:00 am localhost/pptp/api/jobData/?pending=true&active=false&complete=false&closed=false
07-07-2020 12:12:00 am localhost/pptp/api/setSession/?key=jobs.filter.pending&value=true
07-07-2020 12:12:06 am localhost/pptp/api/jobData/?pending=true&active=false&complete=false&closed=false
07-07-2020 12:12:10 am localhost/pptp/api/jobData/?pending=true&active=true&complete=false&closed=false
07-07-2020 12:12:10 am localhost/pptp/api/setSession/?key=jobs.filter.active&value=true
07-07-2020 12:12:13 am localhost/pptp/api/jobData/?pending=true&active=true&complete=false&closed=false
07-07-2020 12:12:14 am localhost/pptp/api/jobData/?pending=true&active=true&complete=true&closed=false
07-07-2020 12:12:15 am localhost/pptp/api/setSession/?key=jobs.filter.complete&value=true
07-07-2020 12:12:16 am localhost/pptp/api/jobData/?pending=true&active=true&complete=true&closed=false
07-07-2020 12:12:26 am localhost/pptp/api/jobData/?pending=true&active=true&complete=false&closed=false
07-07-2020 12:12:26 am localhost/pptp/api/setSession/?key=jobs.filter.complete&value=false
07-07-2020 12:12:27 am localhost/pptp/api/jobData/?pending=true&active=false&complete=false&closed=false
07-07-2020 12:12:27 am localhost/pptp/api/setSession/?key=jobs.filter.active&value=false
07-07-2020 12:12:31 am localhost/pptp/api/jobData/?pending=true&active=false&complete=false&closed=false
07-07-2020 12:12:35 am localhost/pptp/api/jobData/?pending=true&active=false&complete=false&closed=false
07-07-2020 12:13:35 am localhost/pptp/api/ping/
07-07-2020 12:14:06 am localhost/pptp/api/jobData/?pending=true&active=false&complete=false&closed=false
07-07-2020 12:14:14 am localhost/pptp/api/jobData/?pending=true&active=false&complete=false&closed=false
07-07-2020 12:14:15 am localhost/pptp/api/jobData/?pending=true&active=true&complete=false&closed=false
07-07-2020 12:14:15 am localhost/pptp/api/setSession/?key=jobs.filter.active&value=true
07-07-2020 12:14:22 am localhost/pptp/api/jobData/?pending=true&active=true&complete=false&closed=false
07-07-2020 12:14:36 am localhost/pptp/api/setSession/?key=jobs.filter.pending&value=false
07-07-2020 12:14:36 am localhost/pptp/api/jobData/?pending=false&active=true&complete=false&closed=false
07-07-2020 12:14:49 am localhost/pptp/api/timeCardData/?startDate=2020-07-07&endDate=2020-07-07
07-07-2020 12:14:52 am localhost/pptp/api/jobData/?pending=false&active=true&complete=false&closed=false
07-07-2020 12:15:10 am localhost/pptp/api/jobData/?pending=true&active=true&complete=false&closed=false
07-07-2020 12:15:31 am localhost/pptp/api/userData/
07-07-2020 12:15:43 am localhost/pptp/api/jobData/?pending=true&active=true&complete=false&closed=false
07-07-2020 12:15:47 am localhost/pptp/api/jobData/?pending=false&active=true&complete=false&closed=false
07-07-2020 12:15:47 am localhost/pptp/api/setSession/?key=jobs.filter.pending&value=false
07-07-2020 12:15:48 am localhost/pptp/api/setSession/?key=jobs.filter.active&value=false
07-07-2020 12:15:48 am localhost/pptp/api/jobData/?pending=false&active=false&complete=false&closed=false
07-07-2020 12:15:49 am localhost/pptp/api/setSession/?key=jobs.filter.complete&value=true
07-07-2020 12:15:49 am localhost/pptp/api/jobData/?pending=false&active=false&complete=true&closed=false
07-07-2020 12:15:54 am localhost/pptp/api/jobData/?pending=false&active=false&complete=true&closed=false
07-07-2020 12:16:10 am localhost/pptp/api/jobData/?pending=false&active=false&complete=true&closed=false
07-07-2020 12:17:10 am localhost/pptp/api/ping/
07-07-2020 12:18:10 am localhost/pptp/api/ping/
07-07-2020 12:19:10 am localhost/pptp/api/ping/
07-07-2020 12:20:10 am localhost/pptp/api/ping/
07-07-2020 12:21:10 am localhost/pptp/api/ping/
07-07-2020 12:22:10 am localhost/pptp/api/ping/
07-07-2020 12:23:10 am localhost/pptp/api/ping/
07-07-2020 12:24:10 am localhost/pptp/api/ping/
07-07-2020 12:25:10 am localhost/pptp/api/ping/
07-07-2020 12:26:10 am localhost/pptp/api/ping/
07-07-2020 12:27:10 am localhost/pptp/api/ping/
07-07-2020 12:28:10 am localhost/pptp/api/ping/
07-07-2020 06:21:05 am localhost/pptp/api/timeCardData/?startDate=2020-07-07&endDate=2020-07-07
07-07-2020 06:21:08 am localhost/pptp/api/jobData/?pending=false&active=false&complete=true&closed=false
07-07-2020 06:22:39 am localhost/pptp/api/jobData/?pending=false&active=false&complete=true&closed=false
07-07-2020 06:22:42 am localhost/pptp/api/timeCardData/?startDate=2020-07-07&endDate=2020-07-07
07-07-2020 06:22:47 am localhost/pptp/api/setSession/?key=timeCard.filter.startDate&value=2020-06-25
07-07-2020 06:22:47 am localhost/pptp/api/timeCardData/?startDate=2020-06-25&endDate=2020-07-07
07-07-2020 06:23:26 am localhost/pptp/api/timeCardData/?startDate=2020-06-25&endDate=2020-07-07
07-07-2020 09:47:48 am localhost/pptp/api/timeCardData/?startDate=2020-06-25&endDate=2020-07-07
07-07-2020 09:48:48 am localhost/pptp/api/ping/
07-07-2020 09:49:55 am localhost/pptp/api/inspectionTemplates/?inspectionType=2&jobNumber=&wcNumber=NaN
07-07-2020 09:49:56 am localhost/pptp/api/wcNumbers/?jobNumber=M6487-12A
07-07-2020 09:49:56 am localhost/pptp/api/inspectionTemplates/?inspectionType=2&jobNumber=M6487-12A&wcNumber=NaN
07-07-2020 09:49:58 am localhost/pptp/api/inspectionTemplates/?inspectionType=2&jobNumber=M6487-12A&wcNumber=811
07-07-2020 09:51:02 am localhost/pptp/api/ping/
07-07-2020 09:52:02 am localhost/pptp/api/ping/
07-07-2020 09:53:02 am localhost/pptp/api/ping/
07-07-2020 09:54:02 am localhost/pptp/api/ping/
07-07-2020 09:55:02 am localhost/pptp/api/ping/
07-07-2020 09:56:02 am localhost/pptp/api/ping/
07-07-2020 09:57:02 am localhost/pptp/api/ping/
07-07-2020 09:58:02 am localhost/pptp/api/ping/
07-07-2020 09:59:02 am localhost/pptp/api/ping/
07-07-2020 10:00:02 am localhost/pptp/api/ping/
07-07-2020 10:01:02 am localhost/pptp/api/ping/
07-07-2020 10:02:02 am localhost/pptp/api/ping/
07-07-2020 10:03:02 am localhost/pptp/api/ping/
07-07-2020 10:04:02 am localhost/pptp/api/ping/
07-07-2020 10:05:02 am localhost/pptp/api/ping/
07-07-2020 10:06:02 am localhost/pptp/api/ping/
07-07-2020 10:07:02 am localhost/pptp/api/ping/
07-07-2020 10:08:02 am localhost/pptp/api/ping/
07-07-2020 10:09:02 am localhost/pptp/api/ping/
07-07-2020 10:10:03 am localhost/pptp/api/ping/
07-07-2020 10:11:03 am localhost/pptp/api/ping/
07-07-2020 10:12:03 am localhost/pptp/api/ping/
07-07-2020 10:13:03 am localhost/pptp/api/ping/
07-07-2020 10:14:03 am localhost/pptp/api/ping/
07-07-2020 10:58:40 am localhost/pptp/api/ping/
07-07-2020 10:59:40 am localhost/pptp/api/ping/
07-07-2020 11:00:40 am localhost/pptp/api/ping/
07-07-2020 11:03:08 am localhost/pptp/api/ping/
07-07-2020 11:04:08 am localhost/pptp/api/ping/
07-07-2020 11:05:08 am localhost/pptp/api/ping/
07-07-2020 11:06:00 am localhost/pptp/api/inspectionData/?inspectionType=0
07-07-2020 11:07:00 am localhost/pptp/api/ping/
07-07-2020 11:08:00 am localhost/pptp/api/ping/
07-07-2020 11:09:00 am localhost/pptp/api/ping/
07-07-2020 11:10:00 am localhost/pptp/api/ping/
07-07-2020 11:11:00 am localhost/pptp/api/ping/
07-07-2020 11:12:00 am localhost/pptp/api/ping/
07-07-2020 11:13:00 am localhost/pptp/api/ping/
07-07-2020 11:14:00 am localhost/pptp/api/ping/
07-07-2020 11:15:00 am localhost/pptp/api/ping/
07-07-2020 11:16:00 am localhost/pptp/api/ping/
07-07-2020 11:17:00 am localhost/pptp/api/ping/
07-07-2020 11:18:00 am localhost/pptp/api/ping/
07-07-2020 11:19:00 am localhost/pptp/api/ping/
07-07-2020 11:20:00 am localhost/pptp/api/ping/
07-07-2020 11:21:00 am localhost/pptp/api/ping/
07-07-2020 11:22:00 am localhost/pptp/api/ping/
07-07-2020 11:23:00 am localhost/pptp/api/ping/
07-07-2020 11:24:00 am localhost/pptp/api/ping/
07-07-2020 11:25:00 am localhost/pptp/api/ping/
07-07-2020 11:26:00 am localhost/pptp/api/ping/
07-07-2020 11:27:00 am localhost/pptp/api/ping/
07-07-2020 11:28:00 am localhost/pptp/api/ping/
07-07-2020 11:29:00 am localhost/pptp/api/ping/
07-07-2020 11:30:00 am localhost/pptp/api/ping/
07-07-2020 11:31:00 am localhost/pptp/api/ping/
07-07-2020 11:32:00 am localhost/pptp/api/ping/
07-07-2020 11:33:00 am localhost/pptp/api/ping/
07-07-2020 11:34:00 am localhost/pptp/api/ping/
07-07-2020 11:35:00 am localhost/pptp/api/ping/
07-07-2020 11:36:00 am localhost/pptp/api/ping/
07-07-2020 11:37:00 am localhost/pptp/api/ping/
07-07-2020 11:38:00 am localhost/pptp/api/ping/
07-07-2020 11:39:00 am localhost/pptp/api/ping/
07-07-2020 11:40:00 am localhost/pptp/api/ping/
07-07-2020 11:40:52 am localhost/pptp/api/inspectionData/?inspectionType=0
07-07-2020 11:41:05 am localhost/pptp/api/inspectionData/?inspectionType=0
07-07-2020 11:41:50 am localhost/pptp/api/inspectionData/?inspectionType=0
07-07-2020 11:42:50 am localhost/pptp/api/ping/
07-07-2020 11:43:50 am localhost/pptp/api/ping/
07-07-2020 11:44:50 am localhost/pptp/api/ping/
07-07-2020 11:45:50 am localhost/pptp/api/ping/
07-07-2020 11:46:50 am localhost/pptp/api/ping/
07-07-2020 11:47:50 am localhost/pptp/api/ping/
07-07-2020 11:48:50 am localhost/pptp/api/ping/
07-07-2020 11:49:29 am localhost/pptp/api/inspectionData/?inspectionType=0
07-07-2020 11:50:28 am localhost/pptp/api/ping/
07-07-2020 11:51:28 am localhost/pptp/api/ping/
07-07-2020 11:52:28 am localhost/pptp/api/ping/
07-07-2020 11:53:28 am localhost/pptp/api/ping/
07-07-2020 11:54:28 am localhost/pptp/api/ping/
07-07-2020 11:55:28 am localhost/pptp/api/ping/
07-07-2020 11:56:28 am localhost/pptp/api/ping/
07-07-2020 11:57:28 am localhost/pptp/api/ping/
07-07-2020 11:58:28 am localhost/pptp/api/ping/
07-07-2020 11:59:28 am localhost/pptp/api/ping/
07-07-2020 12:00:28 pm localhost/pptp/api/ping/
07-07-2020 12:01:28 pm localhost/pptp/api/ping/
07-07-2020 12:02:28 pm localhost/pptp/api/ping/
07-07-2020 12:03:28 pm localhost/pptp/api/ping/
07-07-2020 12:04:28 pm localhost/pptp/api/ping/
07-07-2020 12:05:28 pm localhost/pptp/api/ping/
07-07-2020 12:06:28 pm localhost/pptp/api/ping/
07-07-2020 12:07:28 pm localhost/pptp/api/ping/
07-07-2020 12:08:28 pm localhost/pptp/api/ping/
07-07-2020 12:09:28 pm localhost/pptp/api/ping/
07-07-2020 12:10:28 pm localhost/pptp/api/ping/
07-07-2020 01:11:28 pm localhost/pptp/api/ping/
07-07-2020 01:12:29 pm localhost/pptp/api/ping/
07-07-2020 01:13:29 pm localhost/pptp/api/ping/
07-07-2020 01:14:29 pm localhost/pptp/api/ping/
07-07-2020 01:15:29 pm localhost/pptp/api/ping/
07-07-2020 01:16:29 pm localhost/pptp/api/ping/
07-07-2020 01:17:29 pm localhost/pptp/api/ping/
07-07-2020 01:18:29 pm localhost/pptp/api/ping/
07-07-2020 01:19:29 pm localhost/pptp/api/ping/
07-07-2020 01:20:29 pm localhost/pptp/api/ping/
07-07-2020 01:21:29 pm localhost/pptp/api/ping/
07-07-2020 01:22:29 pm localhost/pptp/api/ping/
07-07-2020 01:23:29 pm localhost/pptp/api/ping/
07-07-2020 01:24:29 pm localhost/pptp/api/ping/
07-07-2020 01:25:29 pm localhost/pptp/api/ping/
07-07-2020 01:26:29 pm localhost/pptp/api/ping/
07-07-2020 01:27:29 pm localhost/pptp/api/ping/
07-07-2020 01:28:29 pm localhost/pptp/api/ping/
07-07-2020 01:29:29 pm localhost/pptp/api/ping/
07-07-2020 01:30:29 pm localhost/pptp/api/ping/
07-07-2020 01:31:29 pm localhost/pptp/api/ping/
07-07-2020 01:32:29 pm localhost/pptp/api/ping/
07-07-2020 01:33:29 pm localhost/pptp/api/ping/
07-07-2020 01:34:29 pm localhost/pptp/api/ping/
07-07-2020 01:35:29 pm localhost/pptp/api/ping/
07-07-2020 01:36:29 pm localhost/pptp/api/ping/
07-07-2020 01:37:29 pm localhost/pptp/api/ping/
07-07-2020 01:38:29 pm localhost/pptp/api/ping/
07-07-2020 01:39:29 pm localhost/pptp/api/ping/
07-07-2020 01:40:29 pm localhost/pptp/api/ping/
07-07-2020 01:41:29 pm localhost/pptp/api/ping/
07-07-2020 01:42:29 pm localhost/pptp/api/ping/
07-07-2020 01:43:29 pm localhost/pptp/api/ping/
07-07-2020 01:44:29 pm localhost/pptp/api/ping/
07-07-2020 01:45:29 pm localhost/pptp/api/ping/
07-07-2020 01:46:29 pm localhost/pptp/api/ping/
07-07-2020 01:47:29 pm localhost/pptp/api/ping/
07-07-2020 01:48:29 pm localhost/pptp/api/ping/
07-07-2020 01:49:29 pm localhost/pptp/api/ping/
07-07-2020 01:50:29 pm localhost/pptp/api/ping/
07-07-2020 01:50:51 pm localhost/pptp/api/inspectionData/?inspectionType=0
07-07-2020 01:51:06 pm localhost/pptp/api/inspectionData/?inspectionType=0
07-07-2020 01:51:37 pm localhost/pptp/api/inspectionData/?inspectionType=0
07-07-2020 01:52:37 pm localhost/pptp/api/ping/
07-07-2020 01:53:37 pm localhost/pptp/api/ping/
07-07-2020 01:54:37 pm localhost/pptp/api/ping/
07-07-2020 01:55:20 pm localhost/pptp/api/inspectionData/?inspectionType=0
07-07-2020 01:55:25 pm localhost/pptp/api/inspectionData/?inspectionType=0
07-07-2020 01:55:25 pm localhost/pptp/api/setSession/?key=inspection.filter.startDate&value=2020-06-26
07-07-2020 01:55:30 pm localhost/pptp/api/inspectionData/?inspectionType=0
07-07-2020 01:55:41 pm localhost/pptp/api/setSession/?key=inspection.filter.startDate&value=2020-06-24
07-07-2020 01:55:41 pm localhost/pptp/api/inspectionData/?inspectionType=0
07-07-2020 01:56:30 pm localhost/pptp/api/ping/
07-07-2020 01:57:30 pm localhost/pptp/api/ping/
07-07-2020 01:57:41 pm localhost/pptp/api/inspectionData/?inspectionType=0
07-07-2020 01:58:39 pm localhost/pptp/api/inspectionData/?inspectionType=0
07-07-2020 01:59:34 pm localhost/pptp/api/inspectionData/?inspectionType=0
07-07-2020 01:59:36 pm localhost/pptp/api/inspectionData/?inspectionType=1
07-07-2020 01:59:36 pm localhost/pptp/api/setSession/?key=inspection.filter.inspectionStatus&value=1
07-07-2020 01:59:40 pm localhost/pptp/api/inspectionData/?inspectionType=2
07-07-2020 01:59:40 pm localhost/pptp/api/setSession/?key=inspection.filter.inspectionStatus&value=2
07-07-2020 01:59:43 pm localhost/pptp/api/inspectionData/?inspectionType=3
07-07-2020 01:59:43 pm localhost/pptp/api/setSession/?key=inspection.filter.inspectionStatus&value=3
07-07-2020 02:00:34 pm localhost/pptp/api/ping/
07-07-2020 02:01:34 pm localhost/pptp/api/ping/
07-07-2020 02:02:34 pm localhost/pptp/api/ping/
07-07-2020 02:03:34 pm localhost/pptp/api/ping/
07-07-2020 02:04:34 pm localhost/pptp/api/ping/
07-07-2020 02:05:34 pm localhost/pptp/api/ping/
07-07-2020 02:06:34 pm localhost/pptp/api/ping/
07-07-2020 02:07:34 pm localhost/pptp/api/ping/
07-07-2020 02:08:31 pm localhost/pptp/api/inspectionData/?inspectionType=0&startDate=2020-06-24&endDate=2020-07-07
07-07-2020 02:09:16 pm localhost/pptp/api/inspectionData/?inspectionType=0&startDate=2020-06-24&endDate=2020-07-07
07-07-2020 02:09:31 pm localhost/pptp/api/ping/
07-07-2020 02:09:51 pm localhost/pptp/api/inspectionData/?inspectionType=0&startDate=2020-06-24&endDate=2020-07-07
07-07-2020 02:10:31 pm localhost/pptp/api/ping/
07-07-2020 02:10:56 pm localhost/pptp/api/setSession/?key=inspection.filter.startDate&value=2020-06-23
07-07-2020 02:10:56 pm localhost/pptp/api/inspectionData/?inspectionType=0&startDate=2020-06-23&endDate=2020-07-07
07-07-2020 02:11:13 pm localhost/pptp/api/inspectionData/?inspectionType=0&startDate=2020-06-23&endDate=2020-07-07
07-07-2020 02:11:50 pm localhost/pptp/api/setSession/?key=inspection.filter.startDate&value=2020-06-22
07-07-2020 02:11:50 pm localhost/pptp/api/inspectionData/?inspectionType=0&startDate=2020-06-22&endDate=2020-07-07
07-07-2020 02:12:06 pm localhost/pptp/api/inspectionData/?inspectionType=0&startDate=2020-06-19&endDate=2020-07-07
07-07-2020 02:12:06 pm localhost/pptp/api/setSession/?key=inspection.filter.startDate&value=2020-06-19
07-07-2020 02:12:11 pm localhost/pptp/api/inspectionData/?inspectionType=0&startDate=2020-06-19&endDate=2020-06-19
07-07-2020 02:12:11 pm localhost/pptp/api/setSession/?key=inspection.filter.endDate&value=2020-06-19
07-07-2020 02:12:13 pm localhost/pptp/api/ping/
07-07-2020 02:12:16 pm localhost/pptp/api/inspectionData/?inspectionType=0&startDate=2020-06-15&endDate=2020-06-19
07-07-2020 02:12:16 pm localhost/pptp/api/setSession/?key=inspection.filter.startDate&value=2020-06-15
07-07-2020 02:13:13 pm localhost/pptp/api/ping/
07-07-2020 02:14:13 pm localhost/pptp/api/ping/
07-07-2020 02:15:13 pm localhost/pptp/api/ping/
07-07-2020 02:16:13 pm localhost/pptp/api/ping/
07-07-2020 02:17:13 pm localhost/pptp/api/ping/
07-07-2020 02:18:13 pm localhost/pptp/api/ping/
07-07-2020 02:19:13 pm localhost/pptp/api/ping/
07-07-2020 02:20:13 pm localhost/pptp/api/ping/
07-07-2020 02:21:13 pm localhost/pptp/api/ping/
07-07-2020 02:22:13 pm localhost/pptp/api/ping/
07-07-2020 02:23:13 pm localhost/pptp/api/ping/
07-07-2020 02:24:13 pm localhost/pptp/api/ping/
07-07-2020 02:25:13 pm localhost/pptp/api/ping/
07-07-2020 02:26:13 pm localhost/pptp/api/ping/
07-07-2020 02:27:13 pm localhost/pptp/api/ping/
07-07-2020 02:28:13 pm localhost/pptp/api/ping/
07-07-2020 02:29:13 pm localhost/pptp/api/ping/
07-07-2020 02:30:13 pm localhost/pptp/api/ping/
07-07-2020 02:31:13 pm localhost/pptp/api/ping/
07-07-2020 02:32:13 pm localhost/pptp/api/ping/
07-07-2020 02:33:13 pm localhost/pptp/api/ping/
07-07-2020 02:34:13 pm localhost/pptp/api/ping/
07-07-2020 02:35:13 pm localhost/pptp/api/ping/
07-07-2020 02:36:13 pm localhost/pptp/api/ping/
07-07-2020 02:36:19 pm localhost/pptp/api/inspectionData/?inspectionType=0&startDate=2020-06-15&endDate=2020-06-19
07-07-2020 02:37:12 pm localhost/pptp/api/inspectionData/?inspectionType=0&startDate=2020-06-24&endDate=2020-07-07
07-07-2020 02:37:19 pm localhost/pptp/api/ping/
07-07-2020 02:37:21 pm localhost/pptp/api/inspectionData/?inspectionType=0&startDate=2020-06-22&endDate=2020-07-07
07-07-2020 02:38:04 pm localhost/pptp/api/inspectionData/?inspectionType=0&startDate=2020-06-01&endDate=2020-07-07
07-07-2020 02:38:19 pm localhost/pptp/api/ping/
07-07-2020 02:38:21 pm localhost/pptp/api/inspectionData/?inspectionType=0&startDate=2020-06-01&endDate=2020-06-19
07-07-2020 02:38:23 pm localhost/pptp/api/setSession/?key=inspection.filter.startDate&value=2020-06-01
07-07-2020 02:38:50 pm localhost/pptp/api/inspectionData/?inspectionType=4&startDate=2020-06-01&endDate=2020-06-19
07-07-2020 02:38:51 pm localhost/pptp/api/setSession/?key=inspection.filter.inspectionStatus&value=4
07-07-2020 02:39:19 pm localhost/pptp/api/ping/
07-07-2020 02:40:19 pm localhost/pptp/api/ping/
07-07-2020 02:41:19 pm localhost/pptp/api/ping/
07-07-2020 02:41:34 pm localhost/pptp/api/inspectionData/?inspectionType=0&startDate=2020-06-01&endDate=2020-06-19
07-07-2020 02:41:43 pm localhost/pptp/api/inspectionData/?inspectionType=0&startDate=2020-06-01&endDate=2020-06-01
07-07-2020 02:41:43 pm localhost/pptp/api/setSession/?key=inspection.filter.endDate&value=2020-06-01
07-07-2020 02:42:34 pm localhost/pptp/api/ping/
07-07-2020 02:43:34 pm localhost/pptp/api/ping/
07-07-2020 02:44:34 pm localhost/pptp/api/ping/
07-07-2020 02:45:34 pm localhost/pptp/api/ping/
07-07-2020 02:46:34 pm localhost/pptp/api/ping/
07-07-2020 02:47:34 pm localhost/pptp/api/ping/
07-07-2020 02:48:34 pm localhost/pptp/api/ping/
07-07-2020 02:49:34 pm localhost/pptp/api/ping/
07-07-2020 02:50:34 pm localhost/pptp/api/ping/
07-07-2020 02:51:34 pm localhost/pptp/api/ping/
07-07-2020 02:52:34 pm localhost/pptp/api/ping/
07-07-2020 02:53:34 pm localhost/pptp/api/ping/
07-07-2020 02:54:34 pm localhost/pptp/api/ping/
07-07-2020 02:55:34 pm localhost/pptp/api/ping/
07-07-2020 02:56:34 pm localhost/pptp/api/ping/
07-07-2020 02:57:34 pm localhost/pptp/api/ping/
07-07-2020 02:58:34 pm localhost/pptp/api/ping/
07-07-2020 02:59:34 pm localhost/pptp/api/ping/
07-07-2020 03:00:34 pm localhost/pptp/api/ping/
07-07-2020 03:01:34 pm localhost/pptp/api/ping/
07-07-2020 03:02:34 pm localhost/pptp/api/ping/
07-07-2020 03:03:34 pm localhost/pptp/api/ping/
07-07-2020 03:04:34 pm localhost/pptp/api/ping/
07-07-2020 03:05:34 pm localhost/pptp/api/ping/
07-07-2020 03:06:34 pm localhost/pptp/api/ping/
07-07-2020 03:07:34 pm localhost/pptp/api/ping/
07-07-2020 03:08:34 pm localhost/pptp/api/ping/
07-07-2020 03:09:34 pm localhost/pptp/api/ping/
07-07-2020 03:10:34 pm localhost/pptp/api/ping/
07-07-2020 03:11:34 pm localhost/pptp/api/ping/
07-07-2020 03:12:34 pm localhost/pptp/api/ping/
07-07-2020 03:13:34 pm localhost/pptp/api/ping/
07-07-2020 03:14:34 pm localhost/pptp/api/ping/
07-07-2020 03:15:34 pm localhost/pptp/api/ping/
07-07-2020 03:16:34 pm localhost/pptp/api/ping/
07-07-2020 03:17:34 pm localhost/pptp/api/ping/
07-07-2020 03:18:34 pm localhost/pptp/api/ping/
07-07-2020 03:19:34 pm localhost/pptp/api/ping/
07-07-2020 03:20:34 pm localhost/pptp/api/ping/
07-07-2020 03:21:34 pm localhost/pptp/api/ping/
07-07-2020 03:22:34 pm localhost/pptp/api/ping/
07-07-2020 03:23:34 pm localhost/pptp/api/ping/
07-07-2020 03:24:34 pm localhost/pptp/api/ping/
07-07-2020 03:25:34 pm localhost/pptp/api/ping/
07-07-2020 03:26:34 pm localhost/pptp/api/ping/
07-07-2020 03:27:34 pm localhost/pptp/api/ping/
07-07-2020 03:28:34 pm localhost/pptp/api/ping/
07-07-2020 03:29:34 pm localhost/pptp/api/ping/
07-07-2020 03:30:34 pm localhost/pptp/api/ping/
07-07-2020 03:31:34 pm localhost/pptp/api/ping/
07-07-2020 03:32:34 pm localhost/pptp/api/ping/
07-07-2020 03:33:34 pm localhost/pptp/api/ping/
07-07-2020 03:34:34 pm localhost/pptp/api/ping/
07-07-2020 03:35:34 pm localhost/pptp/api/ping/
07-07-2020 03:36:34 pm localhost/pptp/api/ping/
07-07-2020 03:37:34 pm localhost/pptp/api/ping/
07-07-2020 03:38:34 pm localhost/pptp/api/ping/
07-07-2020 03:39:34 pm localhost/pptp/api/ping/
07-07-2020 03:40:34 pm localhost/pptp/api/ping/
07-07-2020 03:41:34 pm localhost/pptp/api/ping/
07-07-2020 03:42:34 pm localhost/pptp/api/ping/
07-07-2020 03:43:34 pm localhost/pptp/api/ping/
07-07-2020 03:44:34 pm localhost/pptp/api/ping/
07-07-2020 03:45:31 pm localhost/pptp/api/inspectionData/?inspectionType=0&startDate=2020-06-01&endDate=2020-06-01
07-07-2020 03:46:04 pm localhost/pptp/api/inspectionData/?inspectionType=0&startDate=2020-06-01&endDate=2020-06-01
07-07-2020 03:46:16 pm localhost/pptp/api/inspectionData/?inspectionType=0&startDate=2020-06-01&endDate=2020-06-01
07-07-2020 03:47:16 pm localhost/pptp/api/ping/
07-07-2020 03:48:16 pm localhost/pptp/api/ping/
07-07-2020 03:49:16 pm localhost/pptp/api/ping/
07-07-2020 03:49:41 pm localhost/pptp/api/inspectionData/?inspectionType=0&startDate=2020-06-01&endDate=2020-06-01
07-07-2020 03:50:41 pm localhost/pptp/api/ping/
07-07-2020 03:51:41 pm localhost/pptp/api/ping/
07-07-2020 03:51:43 pm localhost/pptp/api/inspectionData/?inspectionType=2&startDate=2020-06-01&endDate=2020-06-01
07-07-2020 03:51:43 pm localhost/pptp/api/setSession/?key=inspection.filter.inspectionStatus&value=2
07-07-2020 03:52:41 pm localhost/pptp/api/ping/
07-07-2020 03:53:41 pm localhost/pptp/api/ping/
07-07-2020 03:54:41 pm localhost/pptp/api/ping/
07-07-2020 03:55:41 pm localhost/pptp/api/ping/
07-07-2020 03:56:41 pm localhost/pptp/api/ping/
07-07-2020 03:57:41 pm localhost/pptp/api/ping/
07-07-2020 03:58:41 pm localhost/pptp/api/ping/
07-07-2020 03:59:41 pm localhost/pptp/api/ping/
07-07-2020 04:00:41 pm localhost/pptp/api/ping/
07-07-2020 04:01:41 pm localhost/pptp/api/ping/
07-07-2020 04:02:41 pm localhost/pptp/api/ping/
07-07-2020 04:03:41 pm localhost/pptp/api/ping/
07-07-2020 04:04:41 pm localhost/pptp/api/ping/
07-07-2020 04:05:41 pm localhost/pptp/api/ping/
07-07-2020 04:06:41 pm localhost/pptp/api/ping/
07-07-2020 04:07:41 pm localhost/pptp/api/ping/
07-07-2020 04:08:41 pm localhost/pptp/api/ping/
07-07-2020 04:09:41 pm localhost/pptp/api/ping/
07-07-2020 04:10:41 pm localhost/pptp/api/ping/
07-07-2020 04:11:41 pm localhost/pptp/api/ping/
07-07-2020 04:12:41 pm localhost/pptp/api/ping/
07-07-2020 04:13:41 pm localhost/pptp/api/ping/
07-07-2020 04:14:41 pm localhost/pptp/api/ping/
07-07-2020 04:15:41 pm localhost/pptp/api/ping/
07-07-2020 04:16:41 pm localhost/pptp/api/ping/
07-07-2020 04:17:41 pm localhost/pptp/api/ping/
07-07-2020 04:18:41 pm localhost/pptp/api/ping/
07-07-2020 04:19:41 pm localhost/pptp/api/ping/
07-07-2020 04:20:41 pm localhost/pptp/api/ping/
07-07-2020 04:21:41 pm localhost/pptp/api/ping/
07-07-2020 04:22:41 pm localhost/pptp/api/ping/
07-07-2020 04:23:41 pm localhost/pptp/api/ping/
07-07-2020 04:24:41 pm localhost/pptp/api/ping/
07-07-2020 04:25:41 pm localhost/pptp/api/ping/
07-07-2020 04:26:41 pm localhost/pptp/api/ping/
07-07-2020 04:27:41 pm localhost/pptp/api/ping/
07-07-2020 04:28:41 pm localhost/pptp/api/ping/
07-07-2020 04:29:41 pm localhost/pptp/api/ping/
07-07-2020 04:30:41 pm localhost/pptp/api/ping/
07-07-2020 04:31:41 pm localhost/pptp/api/ping/
07-07-2020 04:32:41 pm localhost/pptp/api/ping/
